Unity Editor version:    2021.3.24f1 (cf10dcf7010d)
Branch:                  2021.3/staging
Build type:              Release
Batch mode:              YES
macOS version:           Version 13.3.1 (a) (Build 22E772610a)
Darwin version:          22.4.0
Architecture:            arm64
Running under Rosetta:   NO
Available memory:        8192 MB
Using pre-set license
Pro License: YES

COMMAND LINE ARGUMENTS:
/Applications/Unity/Hub/Editor/2021.3.24f1/Unity.app/Contents/MacOS/Unity
-adb2
-batchMode
-noUpm
-name
AssetImportWorker0
-projectPath
/Users/uur/Desktop/UzayProje
-logFile
Logs/AssetImportWorker0.log
-srvPort
50332
Successfully changed project path to: /Users/uur/Desktop/UzayProje
/Users/uur/Desktop/UzayProje
[UnityMemory] Configuration Parameters - Can be set up in boot.config
    "memorysetup-bucket-allocator-granularity=16"
    "memorysetup-bucket-allocator-bucket-count=8"
    "memorysetup-bucket-allocator-block-size=33554432"
    "memorysetup-bucket-allocator-block-count=8"
    "memorysetup-main-allocator-block-size=16777216"
    "memorysetup-thread-allocator-block-size=16777216"
    "memorysetup-gfx-main-allocator-block-size=16777216"
    "memorysetup-gfx-thread-allocator-block-size=16777216"
    "memorysetup-cache-allocator-block-size=4194304"
    "memorysetup-typetree-allocator-block-size=2097152"
    "memorysetup-profiler-bucket-allocator-granularity=16"
    "memorysetup-profiler-bucket-allocator-bucket-count=8"
    "memorysetup-profiler-bucket-allocator-block-size=33554432"
    "memorysetup-profiler-bucket-allocator-block-count=8"
    "memorysetup-profiler-allocator-block-size=16777216"
    "memorysetup-profiler-editor-allocator-block-size=1048576"
    "memorysetup-temp-allocator-size-main=16777216"
    "memorysetup-job-temp-allocator-block-size=2097152"
    "memorysetup-job-temp-allocator-block-size-background=1048576"
    "memorysetup-job-temp-allocator-reduction-small-platforms=262144"
    "memorysetup-temp-allocator-size-background-worker=32768"
    "memorysetup-temp-allocator-size-job-worker=262144"
    "memorysetup-temp-allocator-size-preload-manager=33554432"
    "memorysetup-temp-allocator-size-nav-mesh-worker=65536"
    "memorysetup-temp-allocator-size-audio-worker=65536"
    "memorysetup-temp-allocator-size-cloud-worker=32768"
    "memorysetup-temp-allocator-size-gi-baking-worker=262144"
    "memorysetup-temp-allocator-size-gfx=262144"
Player connection [8387664704] Host "[IP] 192.168.1.100 [Port] 0 [Flags] 2 [Guid] 1757348731 [EditorId] 1757348731 [Version] 1048832 [Id] OSXEditor(0,Ugurcan-MacBook-Air.local) [Debug] 1 [PackageName] OSXEditor [ProjectName] Editor" joined multi-casting on [225.0.0.222:54997]...

Player connection [8387664704] Host "[IP] 192.168.1.100 [Port] 0 [Flags] 2 [Guid] 1757348731 [EditorId] 1757348731 [Version] 1048832 [Id] OSXEditor(0,Ugurcan-MacBook-Air.local) [Debug] 1 [PackageName] OSXEditor [ProjectName] Editor" joined alternative multi-casting on [225.0.0.222:34997]...

Refreshing native plugins compatible for Editor in 200.99 ms, found 3 plugins.
Preloading 0 native plugins for Editor in 0.00 ms.
Initialize engine version: 2021.3.24f1 (cf10dcf7010d)
[Subsystems] Discovering subsystems at path /Applications/Unity/Hub/Editor/2021.3.24f1/Unity.app/Contents/Resources/UnitySubsystems
[Subsystems] Discovering subsystems at path /Users/uur/Desktop/UzayProje/Assets
GfxDevice: creating device client; threaded=0; jobified=0
 preferred device: Apple M1 (high power)
Metal devices available: 1
0: Apple M1 (high power)
Using device Apple M1 (high power)
Initializing Metal device caps: Apple M1
Initialize mono
Mono path[0] = '/Applications/Unity/Hub/Editor/2021.3.24f1/Unity.app/Contents/Managed'
Mono path[1] = '/Applications/Unity/Hub/Editor/2021.3.24f1/Unity.app/Contents/MonoBleedingEdge/lib/mono/unityjit-macos'
Mono config path = '/Applications/Unity/Hub/Editor/2021.3.24f1/Unity.app/Contents/MonoBleedingEdge/etc'
Using monoOptions --debugger-agent=transport=dt_socket,embedding=1,server=y,suspend=n,address=127.0.0.1:56403
Begin MonoManager ReloadAssembly
Registering precompiled unity dll's ...
Register platform support module: /Applications/Unity/Hub/Editor/2021.3.24f1/Unity.app/Contents/PlaybackEngines/MacStandaloneSupport/UnityEditor.OSXStandalone.Extensions.dll
Registered in 0.002289 seconds.
Native extension for OSXStandalone target not found
Refreshing native plugins compatible for Editor in 172.82 ms, found 3 plugins.
Preloading 0 native plugins for Editor in 0.00 ms.
Mono: successfully reloaded assembly
- Completed reload, in  1.086 seconds
Domain Reload Profiling:
	ReloadAssembly (1086ms)
		BeginReloadAssembly (170ms)
			ExecutionOrderSort (0ms)
			DisableScriptedObjects (0ms)
			BackupInstance (0ms)
			ReleaseScriptingObjects (0ms)
			CreateAndSetChildDomain (1ms)
		EndReloadAssembly (743ms)
			LoadAssemblies (169ms)
			RebuildTransferFunctionScriptingTraits (1ms)
			SetupTypeCache (200ms)
			ReleaseScriptCaches (0ms)
			RebuildScriptCaches (46ms)
			SetupLoadedEditorAssemblies (432ms)
				LogAssemblyErrors (0ms)
				InitializePlatformSupportModulesInManaged (8ms)
				SetLoadedEditorAssemblies (1ms)
				RefreshPlugins (173ms)
				BeforeProcessingInitializeOnLoad (3ms)
				ProcessInitializeOnLoadAttributes (189ms)
				ProcessInitializeOnLoadMethodAttributes (58ms)
				AfterProcessingInitializeOnLoad (0ms)
				EditorAssembliesLoaded (0ms)
			ExecutionOrderSort2 (0ms)
			AwakeInstancesAfterBackupRestoration (0ms)
Platform modules already initialized, skipping
Registering precompiled user dll's ...
Registered in 0.009801 seconds.
Begin MonoManager ReloadAssembly
Symbol file LoadedFromMemory doesn't match image /Users/uur/Desktop/UzayProje/Library/PackageCache/com.unity.visualscripting@1.8.0/Editor/VisualScripting.Core/Dependencies/YamlDotNet/Unity.VisualScripting.YamlDotNet.dll
Symbol file LoadedFromMemory doesn't match image /Users/uur/Desktop/UzayProje/Library/PackageCache/com.unity.visualscripting@1.8.0/Editor/VisualScripting.Core/Dependencies/DotNetZip/Unity.VisualScripting.IonicZip.dll
Native extension for OSXStandalone target not found
Refreshing native plugins compatible for Editor in 159.03 ms, found 3 plugins.
Preloading 0 native plugins for Editor in 0.00 ms.
Mono: successfully reloaded assembly
- Completed reload, in  2.296 seconds
Domain Reload Profiling:
	ReloadAssembly (2301ms)
		BeginReloadAssembly (243ms)
			ExecutionOrderSort (0ms)
			DisableScriptedObjects (14ms)
			BackupInstance (0ms)
			ReleaseScriptingObjects (0ms)
			CreateAndSetChildDomain (72ms)
		EndReloadAssembly (1913ms)
			LoadAssemblies (131ms)
			RebuildTransferFunctionScriptingTraits (0ms)
			SetupTypeCache (417ms)
			ReleaseScriptCaches (5ms)
			RebuildScriptCaches (109ms)
			SetupLoadedEditorAssemblies (1150ms)
				LogAssemblyErrors (0ms)
				InitializePlatformSupportModulesInManaged (4ms)
				SetLoadedEditorAssemblies (0ms)
				RefreshPlugins (159ms)
				BeforeProcessingInitializeOnLoad (133ms)
				ProcessInitializeOnLoadAttributes (782ms)
				ProcessInitializeOnLoadMethodAttributes (64ms)
				AfterProcessingInitializeOnLoad (6ms)
				EditorAssembliesLoaded (1ms)
			ExecutionOrderSort2 (0ms)
			AwakeInstancesAfterBackupRestoration (7ms)
Platform modules already initialized, skipping
========================================================================
Worker process is ready to serve import requests
Launching external process: /Applications/Unity/Hub/Editor/2021.3.24f1/Unity.app/Contents/Tools/UnityShaderCompiler
Launched and connected shader compiler UnityShaderCompiler after 0.62 seconds
Refreshing native plugins compatible for Editor in 0.98 ms, found 3 plugins.
Preloading 0 native plugins for Editor in 0.00 ms.
Unloading 3761 Unused Serialized files (Serialized files now loaded: 0)
Unloading 35 unused Assets / (296.5 KB). Loaded Objects now: 4221.
Memory consumption went from 137.8 MB to 137.5 MB.
Total: 91.787375 ms (FindLiveObjects: 1.428917 ms CreateObjectMapping: 0.175292 ms MarkObjects: 88.999375 ms  DeleteObjects: 1.179625 ms)

AssetImportParameters requested are different than current active one (requested -> active):
  custom:video-decoder-ogg-theora: a1e56fd34408186e4bbccfd4996cb3dc -> 
  custom:container-muxer-webm: aa71ff27fc2769a1b78a27578f13a17b -> 
  custom:container-demuxer-webm: 4f35f7cbe854078d1ac9338744f61a02 -> 
  custom:video-encoder-webm-vp8: eb34c28f22e8b96e1ab97ce403110664 -> 
  custom:framework-osx-AVFoundation: e770b220cccbd017edd2c1fefb359320 -> 
  custom:audio-encoder-webm-vorbis: bf7c407c2cedff20999df2af8eb42d56 -> 
  custom:container-demuxer-ogg: 62fdf1f143b41e24485cea50d1cbac27 -> 
  custom:video-decoder-webm-vp8: 9c59270c3fd7afecdb556c50c9e8de78 -> 
  custom:audio-decoder-ogg-vorbis: bf7c407c2cedff20999df2af8eb42d56 -> 
========================================================================
Received Import Request.
  Time since last request: 115673.468694 seconds.
  path: Assets/Scripts/ObjectsScripts
  artifactKey: Guid(ddac77547e7364333bc5bbc451cbc22b) Importer(815301076,1909f56bfc062723c751e8b465ee728b)
Start importing Assets/Scripts/ObjectsScripts using Guid(ddac77547e7364333bc5bbc451cbc22b) Importer(815301076,1909f56bfc062723c751e8b465ee728b)  -> (artifact id: '9135627d7f7789958e9dcfd5f10419f1') in 0.096646 seconds 
========================================================================
Received Import Request.
  Time since last request: 8.781323 seconds.
  path: Assets/Scripts/ObjectsScripts/BulletScript.cs
  artifactKey: Guid(35b97f4f4e1ec479ea988436a32bc74a) Importer(815301076,1909f56bfc062723c751e8b465ee728b)
Start importing Assets/Scripts/ObjectsScripts/BulletScript.cs using Guid(35b97f4f4e1ec479ea988436a32bc74a) Importer(815301076,1909f56bfc062723c751e8b465ee728b)  -> (artifact id: 'f791e8e4de0450dbd3f95e161a6ba616') in 0.131704 seconds 
========================================================================
Received Import Request.
  Time since last request: 39.377663 seconds.
  path: Assets/Scripts/ObjectsScripts/EnemyBulletScript.cs
  artifactKey: Guid(35b97f4f4e1ec479ea988436a32bc74a) Importer(815301076,1909f56bfc062723c751e8b465ee728b)
Start importing Assets/Scripts/ObjectsScripts/EnemyBulletScript.cs using Guid(35b97f4f4e1ec479ea988436a32bc74a) Importer(815301076,1909f56bfc062723c751e8b465ee728b)  -> (artifact id: 'fc90829d8d81e70dd221783ea2d66bef') in 0.004839 seconds 
========================================================================
Received Import Request.
  Time since last request: 5.938415 seconds.
  path: Assets/Scripts/ObjectsScripts/EnemyBulletScript.cs
  artifactKey: Guid(35b97f4f4e1ec479ea988436a32bc74a) Importer(815301076,1909f56bfc062723c751e8b465ee728b)
Start importing Assets/Scripts/ObjectsScripts/EnemyBulletScript.cs using Guid(35b97f4f4e1ec479ea988436a32bc74a) Importer(815301076,1909f56bfc062723c751e8b465ee728b)  -> (artifact id: '8408b5a78365157999fa0fecf4b73144') in 0.009815 seconds 
========================================================================
Received Import Request.
  Time since last request: 51.909728 seconds.
  path: Assets/Scripts/EnemyScripts/Enemy/EnemyBulletScript.cs
  artifactKey: Guid(eefb860281ab6418694bef86f08b4401) Importer(815301076,1909f56bfc062723c751e8b465ee728b)
Start importing Assets/Scripts/EnemyScripts/Enemy/EnemyBulletScript.cs using Guid(eefb860281ab6418694bef86f08b4401) Importer(815301076,1909f56bfc062723c751e8b465ee728b)  -> (artifact id: 'cb4bab8f5cd2bf1f88f4efb4f3b9a49e') in 0.006499 seconds 
========================================================================
Received Import Request.
  Time since last request: 17.603882 seconds.
  path: Assets/Scripts/EnemyScripts/Enemy/EnemyAttack
  artifactKey: Guid(1528bc9a5c1e748af8c545ba934a5927) Importer(815301076,1909f56bfc062723c751e8b465ee728b)
Start importing Assets/Scripts/EnemyScripts/Enemy/EnemyAttack using Guid(1528bc9a5c1e748af8c545ba934a5927) Importer(815301076,1909f56bfc062723c751e8b465ee728b)  -> (artifact id: '26db9ed5b2ea7607a57cb091470be119') in 0.003103 seconds 
========================================================================
Received Import Request.
  Time since last request: 3.778714 seconds.
  path: Assets/Scripts/EnemyScripts/Enemy/NearEnemyAttackScript.cs
  artifactKey: Guid(8aefc2d8626ac4115a3761a6fbaa20a5) Importer(815301076,1909f56bfc062723c751e8b465ee728b)
Start importing Assets/Scripts/EnemyScripts/Enemy/NearEnemyAttackScript.cs using Guid(8aefc2d8626ac4115a3761a6fbaa20a5) Importer(815301076,1909f56bfc062723c751e8b465ee728b)  -> (artifact id: 'ddac19d2c1abee5b5a3bcfe4d55dc671') in 0.002694 seconds 
========================================================================
Received Import Request.
  Time since last request: 20.104140 seconds.
  path: Assets/Scripts/EnemyScripts/Enemy/EnemyAttack/EnemyBulletScript.cs
  artifactKey: Guid(eefb860281ab6418694bef86f08b4401) Importer(815301076,1909f56bfc062723c751e8b465ee728b)
Start importing Assets/Scripts/EnemyScripts/Enemy/EnemyAttack/EnemyBulletScript.cs using Guid(eefb860281ab6418694bef86f08b4401) Importer(815301076,1909f56bfc062723c751e8b465ee728b)  -> (artifact id: 'aeb8b412043ba94abb24762b8ad2116a') in 0.003456 seconds 
========================================================================
Received Import Request.
  Time since last request: 15.024287 seconds.
  path: Assets/Photos/pngwing.com 2.png
  artifactKey: Guid(688b390a3a0ca4df09b646c18b7ddf58) Importer(815301076,1909f56bfc062723c751e8b465ee728b)
Start importing Assets/Photos/pngwing.com 2.png using Guid(688b390a3a0ca4df09b646c18b7ddf58) Importer(815301076,1909f56bfc062723c751e8b465ee728b)  -> (artifact id: '3874ee939506efa08a20fc8f4013dbce') in 0.516608 seconds 
========================================================================
Received Import Request.
  Time since last request: 21.598052 seconds.
  path: Assets/Photos/spacebar.png
  artifactKey: Guid(4b9c724fa37a5432b882b0b42dea5feb) Importer(815301076,1909f56bfc062723c751e8b465ee728b)
Start importing Assets/Photos/spacebar.png using Guid(4b9c724fa37a5432b882b0b42dea5feb) Importer(815301076,1909f56bfc062723c751e8b465ee728b)  -> (artifact id: 'e28d1abb975459b3b37287ac83a1a30e') in 0.100518 seconds 
========================================================================
Received Import Request.
  Time since last request: 1.186486 seconds.
  path: Assets/Photos/ucan enemy psd.png
  artifactKey: Guid(55d7cbb80b75e4196bc2147caa0f5bcb) Importer(815301076,1909f56bfc062723c751e8b465ee728b)
Start importing Assets/Photos/ucan enemy psd.png using Guid(55d7cbb80b75e4196bc2147caa0f5bcb) Importer(815301076,1909f56bfc062723c751e8b465ee728b)  -> (artifact id: 'df0a077acf89c7f62a998e624725512d') in 0.014182 seconds 
========================================================================
Received Prepare
Registering precompiled user dll's ...
Registered in 0.002591 seconds.
Begin MonoManager ReloadAssembly
Thread 0x2ac5fb000 may have been prematurely finalized
Symbol file LoadedFromMemory doesn't match image /Users/uur/Desktop/UzayProje/Library/PackageCache/com.unity.visualscripting@1.8.0/Editor/VisualScripting.Core/Dependencies/YamlDotNet/Unity.VisualScripting.YamlDotNet.dll
Symbol file LoadedFromMemory doesn't match image /Users/uur/Desktop/UzayProje/Library/PackageCache/com.unity.visualscripting@1.8.0/Editor/VisualScripting.Core/Dependencies/DotNetZip/Unity.VisualScripting.IonicZip.dll
Native extension for OSXStandalone target not found
Refreshing native plugins compatible for Editor in 0.74 ms, found 3 plugins.
Preloading 0 native plugins for Editor in 0.00 ms.
Mono: successfully reloaded assembly
- Completed reload, in  1.099 seconds
Domain Reload Profiling:
	ReloadAssembly (1100ms)
		BeginReloadAssembly (247ms)
			ExecutionOrderSort (0ms)
			DisableScriptedObjects (12ms)
			BackupInstance (0ms)
			ReleaseScriptingObjects (0ms)
			CreateAndSetChildDomain (112ms)
		EndReloadAssembly (768ms)
			LoadAssemblies (94ms)
			RebuildTransferFunctionScriptingTraits (0ms)
			SetupTypeCache (233ms)
			ReleaseScriptCaches (1ms)
			RebuildScriptCaches (47ms)
			SetupLoadedEditorAssemblies (393ms)
				LogAssemblyErrors (0ms)
				InitializePlatformSupportModulesInManaged (3ms)
				SetLoadedEditorAssemblies (0ms)
				RefreshPlugins (1ms)
				BeforeProcessingInitializeOnLoad (59ms)
				ProcessInitializeOnLoadAttributes (301ms)
				ProcessInitializeOnLoadMethodAttributes (27ms)
				AfterProcessingInitializeOnLoad (1ms)
				EditorAssembliesLoaded (0ms)
			ExecutionOrderSort2 (0ms)
			AwakeInstancesAfterBackupRestoration (4ms)
Platform modules already initialized, skipping
Refreshing native plugins compatible for Editor in 1.34 ms, found 3 plugins.
Preloading 0 native plugins for Editor in 0.00 ms.
Unloading 3751 Unused Serialized files (Serialized files now loaded: 0)
Unloading 22 unused Assets / (22.0 KB). Loaded Objects now: 4237.
Memory consumption went from 147.0 MB to 147.0 MB.
Total: 5.017083 ms (FindLiveObjects: 0.187084 ms CreateObjectMapping: 0.107500 ms MarkObjects: 4.680292 ms  DeleteObjects: 0.041459 ms)

AssetImportParameters requested are different than current active one (requested -> active):
  custom:video-decoder-ogg-theora: a1e56fd34408186e4bbccfd4996cb3dc -> 
  custom:container-muxer-webm: aa71ff27fc2769a1b78a27578f13a17b -> 
  custom:container-demuxer-webm: 4f35f7cbe854078d1ac9338744f61a02 -> 
  custom:video-encoder-webm-vp8: eb34c28f22e8b96e1ab97ce403110664 -> 
  custom:framework-osx-AVFoundation: e770b220cccbd017edd2c1fefb359320 -> 
  custom:audio-encoder-webm-vorbis: bf7c407c2cedff20999df2af8eb42d56 -> 
  custom:container-demuxer-ogg: 62fdf1f143b41e24485cea50d1cbac27 -> 
  custom:video-decoder-webm-vp8: 9c59270c3fd7afecdb556c50c9e8de78 -> 
  custom:audio-decoder-ogg-vorbis: bf7c407c2cedff20999df2af8eb42d56 -> 
========================================================================
Received Import Request.
  Time since last request: 1321.173765 seconds.
  path: ProjectSettings/TagManager.asset
  artifactKey: Guid(00000000000000003000000000000000) Importer(815301076,1909f56bfc062723c751e8b465ee728b)
Start importing ProjectSettings/TagManager.asset using Guid(00000000000000003000000000000000) Importer(815301076,1909f56bfc062723c751e8b465ee728b)  -> (artifact id: '5bb141eb600e3ba4b9f5b003c5ff21cd') in 0.272865 seconds 
